 
****************************************
Report : area
Design : mem
Version: F-2011.09-SP5-3
Date   : Thu May 24 15:54:23 2018
****************************************

Library(s) Used:

    CORE65LPLVT (File: /nfs/home/rrmina/Desktop/VCS/lib/CORE65LPLVT_nom_1.00V_25C.db)

Number of ports:                           45
Number of nets:                         89393
Number of cells:                        89364
Number of combinational cells:          72980
Number of sequential cells:             16384
Number of macros:                           0
Number of buf/inv:                      24539
Number of references:                      28

Combinational area:       248293.234017
Buf/Inv area:             42318.118448
Noncombinational area:    129762.881264
Net Interconnect area:      undefined  (Wire load has zero net area)

Total cell area:          378056.115281
Total area:                 undefined
1
