set_app_var search_path "$search_path mapped lib cons rtl"
. /nfs/cad/synopsys/syn/I-2013.12/libraries/syn /nfs/cad/synopsys/syn/I-2013.12/minpower/syn /nfs/cad/synopsys/syn/I-2013.12/dw/syn_ver /nfs/cad/synopsys/syn/I-2013.12/dw/sim_ver mapped lib cons rtl mapped lib cons rtl
set_app_var target_library saed90nm_typ.db
saed90nm_typ.db
set_app_var link_library "* $target_library"
* saed90nm_typ.db
read_verilog "betterNeighborsInMyCluster.v"
Loading db file '/nfs/home/rrmina/Desktop/VCS/lib/saed90nm_typ.db'
Loading db file '/nfs/cad/synopsys/syn/I-2013.12/libraries/syn/gtech.db'
Loading db file '/nfs/cad/synopsys/syn/I-2013.12/libraries/syn/standard.sldb'
  Loading link library 'saed90nm_typ'
  Loading link library 'gtech'
Loading verilog file '/nfs/home/rrmina/Desktop/VCS/rtl/betterNeighborsInMyCluster.v'
Detecting input file type automatically (-rtl or -netlist).
Reading with Presto HDL Compiler (equivalent to -rtl option).
Running PRESTO HDLC
Compiling source file /nfs/home/rrmina/Desktop/VCS/rtl/betterNeighborsInMyCluster.v
Warning:  /nfs/home/rrmina/Desktop/VCS/rtl/betterNeighborsInMyCluster.v:163: signed to unsigned conversion occurs. (VER-318)
Warning:  /nfs/home/rrmina/Desktop/VCS/rtl/betterNeighborsInMyCluster.v:175: signed to unsigned assignment occurs. (VER-318)
Warning:  /nfs/home/rrmina/Desktop/VCS/rtl/betterNeighborsInMyCluster.v:81: DEFAULT branch of CASE statement cannot be reached. (ELAB-311)
$display output: Neighbor does not belong in my cluster. ?
$display output: Low batteryStat: ????????????????, ?
$display output: MADE IT HERE1
$display output: MADE IT HERE2
$display output: betterneighborCount, betterneighbors: ?, ?
$display output: I have neighbor sink in my cluster: ?
$display output: besthop, bestvalue, bestneighborID: ?, ????????????????, ?

Statistics for case statements in always block at line 53 in file
        '/nfs/home/rrmina/Desktop/VCS/rtl/betterNeighborsInMyCluster.v'
===============================================
|           Line           |  full/ parallel  |
===============================================
|            81            |    auto/auto     |
===============================================

Inferred memory devices in process
        in routine betterNeighborsInMyCluster line 53 in file
                '/nfs/home/rrmina/Desktop/VCS/rtl/betterNeighborsInMyCluster.v'.
===================================================================================
|      Register Name      |   Type    | Width | Bus | MB | AR | AS | SR | SS | ST |
===================================================================================
|  BATTERY_THRESHOLD_reg  | Flip-flop |  16   |  Y  | N  | N  | N  | N  | N  | N  |
|     neighborID_reg      | Flip-flop |  16   |  Y  | N  | N  | N  | N  | N  | N  |
|    nextsinks_buf_reg    | Flip-flop |  16   |  Y  | N  | N  | N  | N  | N  | N  |
|          i_reg          | Flip-flop |  16   |  Y  | N  | N  | N  | N  | N  | N  |
|     batteryStat_reg     | Flip-flop |  16   |  Y  | N  | N  | N  | N  | N  | N  |
|          k_reg          | Flip-flop |  16   |  Y  | N  | N  | N  | N  | N  | N  |
|          j_reg          | Flip-flop |  16   |  Y  | N  | N  | N  | N  | N  | N  |
|        state_reg        | Flip-flop |   4   |  Y  | N  | N  | N  | N  | N  | N  |
|   knownSinkCount_reg    | Flip-flop |  16   |  Y  | N  | N  | N  | N  | N  | N  |
|    neighborCount_reg    | Flip-flop |  16   |  Y  | N  | N  | N  | N  | N  | N  |
|       fpTemp_reg        | Flip-flop |   6   |  Y  | N  | N  | N  | N  | N  | N  |
|       fpTemp_reg        | Flip-flop |  25   |  Y  | N  | N  | N  | N  | N  | N  |
| bestneighborID_buf_reg  | Flip-flop |  10   |  Y  | N  | N  | N  | N  | N  | N  |
| bestneighborID_buf_reg  | Flip-flop |   6   |  Y  | N  | N  | N  | N  | N  | N  |
|       qValue_reg        | Flip-flop |  16   |  Y  | N  | N  | N  | N  | N  | N  |
|      done_buf_reg       | Flip-flop |   1   |  N  | N  | N  | N  | N  | N  | N  |
|      wr_en_buf_reg      | Flip-flop |   1   |  N  | N  | N  | N  | N  | N  | N  |
|    address_count_reg    | Flip-flop |  11   |  Y  | N  | N  | N  | N  | N  | N  |
|    data_out_buf_reg     | Flip-flop |  16   |  Y  | N  | N  | N  | N  | N  | N  |
| betterneighborCount_reg | Flip-flop |  16   |  Y  | N  | N  | N  | N  | N  | N  |
|     besthop_buf_reg     | Flip-flop |  16   |  Y  | N  | N  | N  | N  | N  | N  |
|    bestvalue_buf_reg    | Flip-flop |  16   |  Y  | N  | N  | N  | N  | N  | N  |
===================================================================================
Presto compilation completed successfully.
Current design is now '/nfs/home/rrmina/Desktop/VCS/rtl/betterNeighborsInMyCluster.db:betterNeighborsInMyCluster'
Loaded 1 design.
Current design is 'betterNeighborsInMyCluster'.
betterNeighborsInMyCluster
current_design betterNeighborsInMyCluster
Current design is 'betterNeighborsInMyCluster'.
{betterNeighborsInMyCluster}
link

  Linking design 'betterNeighborsInMyCluster'
  Using the following designs and libraries:
  --------------------------------------------------------------------------
  betterNeighborsInMyCluster  /nfs/home/rrmina/Desktop/VCS/rtl/betterNeighborsInMyCluster.db
  saed90nm_typ (library)      /nfs/home/rrmina/Desktop/VCS/lib/saed90nm_typ.db

1
check_design > check_design.log
source timing.con
1
compile
Information: Evaluating DesignWare library utilization. (UISN-27)

============================================================================
| DesignWare Building Block Library  |         Version         | Available |
============================================================================
| Basic DW Building Blocks           | I-2013.12-DWBB_201312.0 |     *     |
| Licensed DW Building Blocks        |                         |           |
============================================================================


Information: There are 12 potential problems in your design. Please run 'check_design' for more information. (LINT-99)



  Beginning Pass 1 Mapping
  ------------------------
  Processing 'betterNeighborsInMyCluster'
Information: The register 'BATTERY_THRESHOLD_reg[15]' is a constant and will be removed. (OPT-1206)
Information: The register 'BATTERY_THRESHOLD_reg[14]' is a constant and will be removed. (OPT-1206)
Information: The register 'BATTERY_THRESHOLD_reg[13]' is a constant and will be removed. (OPT-1206)
Information: The register 'BATTERY_THRESHOLD_reg[12]' is a constant and will be removed. (OPT-1206)
Information: The register 'BATTERY_THRESHOLD_reg[11]' is a constant and will be removed. (OPT-1206)
Information: The register 'BATTERY_THRESHOLD_reg[10]' is a constant and will be removed. (OPT-1206)
Information: The register 'BATTERY_THRESHOLD_reg[9]' is a constant and will be removed. (OPT-1206)
Information: The register 'BATTERY_THRESHOLD_reg[8]' is a constant and will be removed. (OPT-1206)
Information: The register 'BATTERY_THRESHOLD_reg[7]' is a constant and will be removed. (OPT-1206)
Information: The register 'BATTERY_THRESHOLD_reg[6]' is a constant and will be removed. (OPT-1206)
Information: The register 'BATTERY_THRESHOLD_reg[5]' is a constant and will be removed. (OPT-1206)
Information: The register 'BATTERY_THRESHOLD_reg[4]' is a constant and will be removed. (OPT-1206)
Information: The register 'BATTERY_THRESHOLD_reg[3]' is a constant and will be removed. (OPT-1206)
Information: The register 'BATTERY_THRESHOLD_reg[2]' is a constant and will be removed. (OPT-1206)
Information: The register 'BATTERY_THRESHOLD_reg[1]' is a constant and will be removed. (OPT-1206)
Information: The register 'BATTERY_THRESHOLD_reg[0]' is a constant and will be removed. (OPT-1206)

  Updating timing information
Information: Updating design information... (UID-85)

  Beginning Implementation Selection
  ----------------------------------
  Processing 'betterNeighborsInMyCluster_DW01_add_0'
  Processing 'betterNeighborsInMyCluster_DW01_add_1'
  Processing 'betterNeighborsInMyCluster_DW01_cmp6_0'
  Processing 'betterNeighborsInMyCluster_DW01_add_2'
  Processing 'betterNeighborsInMyCluster_DW01_cmp2_0'
  Processing 'betterNeighborsInMyCluster_DW01_add_3'
  Processing 'betterNeighborsInMyCluster_DW01_cmp2_1'
  Processing 'betterNeighborsInMyCluster_DW01_inc_0'
  Processing 'betterNeighborsInMyCluster_DW01_inc_1'
  Processing 'betterNeighborsInMyCluster_DW01_add_4'
  Processing 'betterNeighborsInMyCluster_DW01_add_5'
  Processing 'betterNeighborsInMyCluster_DW01_add_6'
  Processing 'betterNeighborsInMyCluster_DW01_add_7'
  Processing 'betterNeighborsInMyCluster_DW01_add_8'
  Processing 'betterNeighborsInMyCluster_DW01_cmp2_2'
  Processing 'betterNeighborsInMyCluster_DW01_add_9'
  Processing 'betterNeighborsInMyCluster_DW01_cmp6_1'
  Processing 'betterNeighborsInMyCluster_DW01_inc_2'
  Processing 'betterNeighborsInMyCluster_DW01_cmp6_2'
  Processing 'betterNeighborsInMyCluster_DW01_inc_3'
  Processing 'betterNeighborsInMyCluster_DW01_cmp2_3'
  Processing 'betterNeighborsInMyCluster_DW01_cmp6_3'
  Building model 'DW01_add_width11' (rpl)
  Processing 'DW01_add_width11'
  Building model 'DW01_add_width11' (cla)
  Processing 'DW01_add_width11'
  Building model 'DW01_dec_width10' (rpl)
  Processing 'DW01_dec_width10'
  Processing 'betterNeighborsInMyCluster_DW02_mult_0'
  Processing 'betterNeighborsInMyCluster_DW01_add_10'
  Processing 'betterNeighborsInMyCluster_DW02_mult_1'
  Processing 'betterNeighborsInMyCluster_DW01_add_11'
  Processing 'betterNeighborsInMyCluster_DW01_add_12'
  Processing 'betterNeighborsInMyCluster_DW01_dec_0'

  Beginning Mapping Optimizations  (Medium effort)
  -------------------------------

                                  TOTAL                                      
   ELAPSED            WORST NEG   SETUP    DESIGN                            
    TIME      AREA      SLACK     COST    RULE COST         ENDPOINT         
  --------- --------- --------- --------- --------- -------------------------
    0:00:08   30559.2      0.00       0.0       0.0                          
    0:00:08   30559.2      0.00       0.0       0.0                          
    0:00:08   30559.2      0.00       0.0       0.0                          
    0:00:08   30559.2      0.00       0.0       0.0                          
    0:00:08   30559.2      0.00       0.0       0.0                          
    0:00:08   29081.1      0.00       0.0       0.0                          
    0:00:08   29076.5      0.00       0.0       0.0                          
    0:00:08   29076.5      0.00       0.0       0.0                          
    0:00:08   29076.5      0.00       0.0       0.0                          
    0:00:08   29076.5      0.00       0.0       0.0                          
    0:00:08   29076.5      0.00       0.0       0.0                          
    0:00:08   29076.5      0.00       0.0       0.0                          
    0:00:08   29076.5      0.00       0.0       0.0                          
    0:00:08   29076.5      0.00       0.0       0.0                          



  Beginning Delay Optimization Phase
  ----------------------------------

                                  TOTAL                                      
   ELAPSED            WORST NEG   SETUP    DESIGN                            
    TIME      AREA      SLACK     COST    RULE COST         ENDPOINT         
  --------- --------- --------- --------- --------- -------------------------
    0:00:08   29076.5      0.00       0.0       0.0                          
    0:00:08   29076.5      0.00       0.0       0.0                          
    0:00:09   28598.5      0.00       0.0       0.0                          


  Beginning Area-Recovery Phase  (cleanup)
  -----------------------------

                                  TOTAL                                      
   ELAPSED            WORST NEG   SETUP    DESIGN                            
    TIME      AREA      SLACK     COST    RULE COST         ENDPOINT         
  --------- --------- --------- --------- --------- -------------------------
    0:00:09   28598.5      0.00       0.0       0.0                          
    0:00:09   28598.5      0.00       0.0       0.0                          
    0:00:09   28418.8      0.00       0.0       0.0                          
    0:00:09   28398.9      0.00       0.0       0.0                          
    0:00:09   28398.9      0.00       0.0       0.0                          
    0:00:09   28398.9      0.00       0.0       0.0                          
    0:00:09   28398.9      0.00       0.0       0.0                          
    0:00:09   28395.1      0.00       0.0       0.0                          
    0:00:09   28395.1      0.00       0.0       0.0                          
    0:00:09   28395.1      0.00       0.0       0.0                          
    0:00:09   28395.1      0.00       0.0       0.0                          
    0:00:09   28395.1      0.00       0.0       0.0                          
    0:00:09   28395.1      0.00       0.0       0.0                          
    0:00:09   28395.1      0.00       0.0       0.0                          
Loading db file '/nfs/home/rrmina/Desktop/VCS/lib/saed90nm_typ.db'

  Optimization Complete
  ---------------------
1
report_constraint -all_violators > constraint_report.log
report_area > area_report.log
report_timing > timing_report.log
write_sdf -version 1.0 mapped/betterNeighborsInMyCluster_mapped.sdf
Information: Annotated 'cell' delays are assumed to include load delay. (UID-282)
Information: Writing timing information to file '/nfs/home/rrmina/Desktop/VCS/mapped/betterNeighborsInMyCluster_mapped.sdf'. (WT-3)
1
write -f verilog -hier -out mapped/betterNeighborsInMyCluster_mapped.v
Writing verilog file '/nfs/home/rrmina/Desktop/VCS/mapped/betterNeighborsInMyCluster_mapped.v'.
Warning: Verilog 'assign' or 'tran' statements are written out. (VO-4)
Warning: Verilog writer has added 1 nets to module betterNeighborsInMyCluster_DW02_mult_0 using SYNOPSYS_UNCONNECTED_ as prefix.  Please use the change_names command to make the correct changes before invoking the verilog writer.  (VO-11)
Warning: Verilog writer has added 2 nets to module betterNeighborsInMyCluster using SYNOPSYS_UNCONNECTED_ as prefix.  Please use the change_names command to make the correct changes before invoking the verilog writer.  (VO-11)
1
gui_start
Current design is 'betterNeighborsInMyCluster'.
dc_shell> exit

Thank you...

