/nfs/cad/synopsys/syn/F-2011.09-SP5-3/auxx/gui/dv/dv_setup.tcl
/nfs/cad/synopsys/syn/F-2011.09-SP5-3/auxx/gui/syn/snpsSynProcs.tcl
/nfs/cad/synopsys/syn/F-2011.09-SP5-3/auxx/tcllib/lib/tcl8.4/package.tcl
/nfs/cad/synopsys/syn/F-2011.09-SP5-3/auxx/gui/syn/layout/pkgIndex.tcl
/nfs/cad/synopsys/syn/F-2011.09-SP5-3/auxx/gui/common/table/pkgIndex.tcl
/nfs/cad/synopsys/syn/F-2011.09-SP5-3/auxx/gui/common/select/pkgIndex.tcl
/nfs/cad/synopsys/syn/F-2011.09-SP5-3/auxx/gui/common/opdlg/pkgIndex.tcl
/nfs/cad/synopsys/syn/F-2011.09-SP5-3/auxx/gui/common/WindowFrameWork/pkgIndex.tcl
/nfs/cad/synopsys/syn/F-2011.09-SP5-3/auxx/gui/common/histogram/pkgIndex.tcl
/nfs/cad/synopsys/syn/F-2011.09-SP5-3/auxx/gui/common/strokes/pkgIndex.tcl
/nfs/cad/synopsys/syn/F-2011.09-SP5-3/auxx/gui/common/hierarchy/pkgIndex.tcl
/nfs/cad/synopsys/syn/F-2011.09-SP5-3/auxx/gui/common/view/pkgIndex.tcl
/nfs/cad/synopsys/syn/F-2011.09-SP5-3/auxx/gui/common/fanoutviewer/pkgIndex.tcl
/nfs/cad/synopsys/syn/F-2011.09-SP5-3/auxx/gui/common/misc/pkgIndex.tcl
/nfs/cad/synopsys/syn/F-2011.09-SP5-3/auxx/gui/common/setup/pkgIndex.tcl
/nfs/cad/synopsys/syn/F-2011.09-SP5-3/auxx/gui/common/pathinspector/pkgIndex.tcl
/nfs/cad/synopsys/syn/F-2011.09-SP5-3/auxx/gui/common/libviewer/pkgIndex.tcl
/nfs/cad/synopsys/syn/F-2011.09-SP5-3/auxx/gui/common/highlight/pkgIndex.tcl
/nfs/cad/synopsys/syn/F-2011.09-SP5-3/auxx/gui/common/regressionToolkit/pkgIndex.tcl
/nfs/cad/synopsys/syn/F-2011.09-SP5-3/auxx/gui/common/schematic/pkgIndex.tcl
/nfs/cad/synopsys/syn/F-2011.09-SP5-3/auxx/gui/common/docBrowser/pkgIndex.tcl
/nfs/cad/synopsys/syn/F-2011.09-SP5-3/auxx/gui/common/timing/pkgIndex.tcl
/nfs/cad/synopsys/syn/F-2011.09-SP5-3/auxx/gui/common/layout/pkgIndex.tcl
/nfs/cad/synopsys/syn/F-2011.09-SP5-3/auxx/gui/common/menus/pkgIndex.tcl
/nfs/cad/synopsys/syn/F-2011.09-SP5-3/auxx/gui/common/profiler/pkgIndex.tcl
/nfs/cad/synopsys/syn/F-2011.09-SP5-3/auxx/gui/common/tcl-dp/pkgIndex.tcl
/nfs/cad/synopsys/syn/F-2011.09-SP5-3/auxx/gui/common/dialogs/pkgIndex.tcl
/nfs/cad/synopsys/syn/F-2011.09-SP5-3/auxx/gui/common/qtcl/pkgIndex.tcl
/nfs/cad/synopsys/syn/F-2011.09-SP5-3/auxx/tcllib/snps_tcl/snpsTclPro/pkgIndex.tcl
/nfs/cad/synopsys/syn/F-2011.09-SP5-3/auxx/tcllib/snps_tcl/snpsTest/pkgIndex.tcl
/nfs/cad/synopsys/syn/F-2011.09-SP5-3/auxx/tcllib/snps_tcl/snpsUtils/pkgIndex.tcl
/nfs/cad/synopsys/syn/F-2011.09-SP5-3/auxx/tcllib/snps_tcl/pkgIndex.tcl
/nfs/cad/synopsys/syn/F-2011.09-SP5-3/auxx/tcllib/lib/tcl8.4/http/pkgIndex.tcl
/nfs/cad/synopsys/syn/F-2011.09-SP5-3/auxx/tcllib/lib/tcl8.4/opt/pkgIndex.tcl
/nfs/cad/synopsys/syn/F-2011.09-SP5-3/auxx/tcllib/lib/tcl8.4/tcltest/pkgIndex.tcl
/nfs/cad/synopsys/syn/F-2011.09-SP5-3/auxx/tcllib/lib/tcl8.4/reg/pkgIndex.tcl
/nfs/cad/synopsys/syn/F-2011.09-SP5-3/auxx/tcllib/lib/tcl8.4/http1.0/pkgIndex.tcl
/nfs/cad/synopsys/syn/F-2011.09-SP5-3/auxx/tcllib/lib/tcl8.4/dde/pkgIndex.tcl
/nfs/cad/synopsys/syn/F-2011.09-SP5-3/auxx/tcllib/lib/tcl8.4/msgcat/pkgIndex.tcl
/nfs/cad/synopsys/syn/F-2011.09-SP5-3/auxx/gui/common/setup/snpsCommonSetup.tcl
/nfs/cad/synopsys/syn/F-2011.09-SP5-3/auxx/gui/common/setup/snpsCustomize.tcl
/nfs/cad/synopsys/syn/F-2011.09-SP5-3/auxx/gui/common/setup/snpsProcheck.tcl
/nfs/cad/synopsys/syn/F-2011.09-SP5-3/auxx/gui/common/qtcl/.synopsys_qtcl.tcl
/nfs/cad/synopsys/syn/F-2011.09-SP5-3/auxx/gui/common/highlight/highlight.tcl
/nfs/cad/synopsys/syn/F-2011.09-SP5-3/auxx/gui/common/misc/base.tcl
/nfs/cad/synopsys/syn/F-2011.09-SP5-3/auxx/gui/common/misc/timing.tcl
/nfs/cad/synopsys/syn/F-2011.09-SP5-3/auxx/gui/common/misc/setting.tcl
/nfs/cad/synopsys/syn/F-2011.09-SP5-3/auxx/gui/common/docBrowser/docBrowser.tcl
/nfs/cad/synopsys/syn/F-2011.09-SP5-3/auxx/tcllib/snps_tcl/snpsUtils/snpsUtils.tcl
/nfs/cad/synopsys/syn/F-2011.09-SP5-3/auxx/gui/common/WindowFrameWork/windowFrameWork.tcl
/nfs/cad/synopsys/syn/F-2011.09-SP5-3/auxx/gui/common/WindowFrameWork/skipBusyCursorCmdList.tcl
/nfs/cad/synopsys/syn/F-2011.09-SP5-3/auxx/gui/common/dialogs/ObjectChooser.tcl
/nfs/cad/synopsys/syn/F-2011.09-SP5-3/auxx/gui/common/misc/DialogObjectChooser.tcl
/nfs/cad/synopsys/syn/F-2011.09-SP5-3/auxx/gui/common/dialogs/HistBinInformation.tcl
/nfs/cad/synopsys/syn/F-2011.09-SP5-3/auxx/gui/common/dialogs/HistBin1Information.tcl
/nfs/cad/synopsys/syn/F-2011.09-SP5-3/auxx/gui/common/dialogs/BinsOnlyInformation.tcl
/nfs/cad/synopsys/syn/F-2011.09-SP5-3/auxx/gui/common/dialogs/FileChooser.tcl
/nfs/cad/synopsys/syn/F-2011.09-SP5-3/auxx/gui/common/dialogs/PathPinSimpleInfo.tcl
/nfs/cad/synopsys/syn/F-2011.09-SP5-3/auxx/gui/common/dialogs/PathsBasicInfo.tcl
/nfs/cad/synopsys/syn/F-2011.09-SP5-3/auxx/gui/common/dialogs/PathsBasicSimpleInfo.tcl
/nfs/cad/synopsys/syn/F-2011.09-SP5-3/auxx/gui/common/dialogs/SlctOperationInfo.tcl
/nfs/cad/synopsys/syn/F-2011.09-SP5-3/auxx/gui/common/dialogs/ObjectListInfo.tcl
/nfs/cad/synopsys/syn/F-2011.09-SP5-3/auxx/gui/common/dialogs/FanInOutInfo.tcl
/nfs/cad/synopsys/syn/F-2011.09-SP5-3/auxx/gui/common/dialogs/NumberOfLevelsChooser.tcl
/nfs/cad/synopsys/syn/F-2011.09-SP5-3/auxx/gui/common/dialogs/WindowReuseInfo.tcl
/nfs/cad/synopsys/syn/F-2011.09-SP5-3/auxx/gui/common/dialogs/ReportOutputOptionInfo.tcl
/nfs/cad/synopsys/syn/F-2011.09-SP5-3/auxx/gui/common/setup/snpsCollections.tcl
/nfs/cad/synopsys/syn/F-2011.09-SP5-3/auxx/gui/common/dialogs/CompileLinkDesign.tcl
/nfs/cad/synopsys/syn/F-2011.09-SP5-3/auxx/gui/common/histogram/DialogEndpointSlack.tcl
/nfs/cad/synopsys/syn/F-2011.09-SP5-3/auxx/gui/common/histogram/DialogPathsSlack.tcl
/nfs/cad/synopsys/syn/F-2011.09-SP5-3/auxx/gui/common/histogram/DialogNetCapacitance.tcl
/nfs/cad/synopsys/syn/F-2011.09-SP5-3/auxx/gui/common/schematic/DialogPathSchematicFanInOut.tcl
/nfs/cad/synopsys/syn/F-2011.09-SP5-3/auxx/gui/common/schematic/DialogPathSchematicAddPaths.tcl
/nfs/home/rrmina/Desktop/VCS/memory.tcl
/nfs/home/rrmina/Desktop/VCS/lib/CORE65LPLVT_nom_1.00V_25C.db
/nfs/cad/synopsys/syn/F-2011.09-SP5-3/libraries/syn/gtech.db
/nfs/cad/synopsys/syn/F-2011.09-SP5-3/libraries/syn/standard.sldb
/nfs/home/rrmina/Desktop/VCS/rtl/memory2.v
/nfs/home/rrmina/Desktop/VCS/cons/timing.con
/nfs/home/rrmina/Desktop/VCS/lib/CORE65LPLVT_nom_1.00V_25C.db
/nfs/home/rrmina/Desktop/VCS/lib/CORE65LPLVT_nom_1.00V_25C.db
/nfs/cad/synopsys/syn/F-2011.09-SP5-3/auxx/tcllib/lib/tk8.4/tk.tcl
/nfs/cad/synopsys/syn/F-2011.09-SP5-3/auxx/tcllib/lib/tcl8.4/msgcat/msgcat.tcl
/nfs/cad/synopsys/syn/F-2011.09-SP5-3/auxx/tcllib/lib/tk8.4/button.tcl
/nfs/cad/synopsys/syn/F-2011.09-SP5-3/auxx/tcllib/lib/tk8.4/entry.tcl
/nfs/cad/synopsys/syn/F-2011.09-SP5-3/auxx/tcllib/lib/tk8.4/listbox.tcl
/nfs/cad/synopsys/syn/F-2011.09-SP5-3/auxx/tcllib/lib/tk8.4/menu.tcl
/nfs/cad/synopsys/syn/F-2011.09-SP5-3/auxx/tcllib/lib/tk8.4/panedwindow.tcl
/nfs/cad/synopsys/syn/F-2011.09-SP5-3/auxx/tcllib/lib/tk8.4/scale.tcl
/nfs/cad/synopsys/syn/F-2011.09-SP5-3/auxx/tcllib/lib/tk8.4/scrlbar.tcl
/nfs/cad/synopsys/syn/F-2011.09-SP5-3/auxx/tcllib/lib/tk8.4/spinbox.tcl
/nfs/cad/synopsys/syn/F-2011.09-SP5-3/auxx/tcllib/lib/tk8.4/text.tcl
/nfs/cad/synopsys/syn/F-2011.09-SP5-3/auxx/tcllib/lib/tix8.1.4/Init.tcl
/nfs/cad/synopsys/syn/F-2011.09-SP5-3/auxx/tcllib/lib/tix8.1.4/Version.tcl
/nfs/cad/synopsys/syn/F-2011.09-SP5-3/auxx/tcllib/lib/tix8.1.4/UnixFile.tcl
/nfs/cad/synopsys/syn/F-2011.09-SP5-3/auxx/tcllib/lib/tix8.1.4/Tix.tcl
/nfs/cad/synopsys/syn/F-2011.09-SP5-3/auxx/tcllib/lib/tix8.1.4/fs.tcl
/nfs/cad/synopsys/syn/F-2011.09-SP5-3/auxx/tcllib/lib/tix8.1.4/pref/WmDefault.fsc
/nfs/cad/synopsys/syn/F-2011.09-SP5-3/auxx/tcllib/lib/tix8.1.4/pref/pkgIndex.tcl
/nfs/cad/synopsys/syn/F-2011.09-SP5-3/auxx/gui/syn/layout/pkgIndex.tcl
/nfs/cad/synopsys/syn/F-2011.09-SP5-3/auxx/gui/common/table/pkgIndex.tcl
/nfs/cad/synopsys/syn/F-2011.09-SP5-3/auxx/gui/common/select/pkgIndex.tcl
/nfs/cad/synopsys/syn/F-2011.09-SP5-3/auxx/gui/common/opdlg/pkgIndex.tcl
/nfs/cad/synopsys/syn/F-2011.09-SP5-3/auxx/gui/common/WindowFrameWork/pkgIndex.tcl
/nfs/cad/synopsys/syn/F-2011.09-SP5-3/auxx/gui/common/histogram/pkgIndex.tcl
/nfs/cad/synopsys/syn/F-2011.09-SP5-3/auxx/gui/common/strokes/pkgIndex.tcl
/nfs/cad/synopsys/syn/F-2011.09-SP5-3/auxx/gui/common/hierarchy/pkgIndex.tcl
/nfs/cad/synopsys/syn/F-2011.09-SP5-3/auxx/gui/common/view/pkgIndex.tcl
/nfs/cad/synopsys/syn/F-2011.09-SP5-3/auxx/gui/common/fanoutviewer/pkgIndex.tcl
/nfs/cad/synopsys/syn/F-2011.09-SP5-3/auxx/gui/common/misc/pkgIndex.tcl
/nfs/cad/synopsys/syn/F-2011.09-SP5-3/auxx/gui/common/setup/pkgIndex.tcl
/nfs/cad/synopsys/syn/F-2011.09-SP5-3/auxx/gui/common/pathinspector/pkgIndex.tcl
/nfs/cad/synopsys/syn/F-2011.09-SP5-3/auxx/gui/common/libviewer/pkgIndex.tcl
/nfs/cad/synopsys/syn/F-2011.09-SP5-3/auxx/gui/common/highlight/pkgIndex.tcl
/nfs/cad/synopsys/syn/F-2011.09-SP5-3/auxx/gui/common/regressionToolkit/pkgIndex.tcl
/nfs/cad/synopsys/syn/F-2011.09-SP5-3/auxx/gui/common/schematic/pkgIndex.tcl
/nfs/cad/synopsys/syn/F-2011.09-SP5-3/auxx/gui/common/docBrowser/pkgIndex.tcl
/nfs/cad/synopsys/syn/F-2011.09-SP5-3/auxx/gui/common/timing/pkgIndex.tcl
/nfs/cad/synopsys/syn/F-2011.09-SP5-3/auxx/gui/common/layout/pkgIndex.tcl
/nfs/cad/synopsys/syn/F-2011.09-SP5-3/auxx/gui/common/menus/pkgIndex.tcl
/nfs/cad/synopsys/syn/F-2011.09-SP5-3/auxx/gui/common/profiler/pkgIndex.tcl
/nfs/cad/synopsys/syn/F-2011.09-SP5-3/auxx/gui/common/tcl-dp/pkgIndex.tcl
/nfs/cad/synopsys/syn/F-2011.09-SP5-3/auxx/gui/common/dialogs/pkgIndex.tcl
/nfs/cad/synopsys/syn/F-2011.09-SP5-3/auxx/gui/common/qtcl/pkgIndex.tcl
/nfs/cad/synopsys/syn/F-2011.09-SP5-3/auxx/tcllib/snps_tcl/snpsTclPro/pkgIndex.tcl
/nfs/cad/synopsys/syn/F-2011.09-SP5-3/auxx/tcllib/snps_tcl/snpsTest/pkgIndex.tcl
/nfs/cad/synopsys/syn/F-2011.09-SP5-3/auxx/tcllib/snps_tcl/snpsUtils/pkgIndex.tcl
/nfs/cad/synopsys/syn/F-2011.09-SP5-3/auxx/tcllib/snps_tcl/pkgIndex.tcl
/nfs/cad/synopsys/syn/F-2011.09-SP5-3/auxx/tcllib/lib/tcl8.4/http/pkgIndex.tcl
/nfs/cad/synopsys/syn/F-2011.09-SP5-3/auxx/tcllib/lib/tcl8.4/opt/pkgIndex.tcl
/nfs/cad/synopsys/syn/F-2011.09-SP5-3/auxx/tcllib/lib/tcl8.4/tcltest/pkgIndex.tcl
/nfs/cad/synopsys/syn/F-2011.09-SP5-3/auxx/tcllib/lib/tcl8.4/reg/pkgIndex.tcl
/nfs/cad/synopsys/syn/F-2011.09-SP5-3/auxx/tcllib/lib/tcl8.4/http1.0/pkgIndex.tcl
/nfs/cad/synopsys/syn/F-2011.09-SP5-3/auxx/tcllib/lib/tcl8.4/dde/pkgIndex.tcl
/nfs/cad/synopsys/syn/F-2011.09-SP5-3/auxx/tcllib/lib/tcl8.4/msgcat/pkgIndex.tcl
/nfs/cad/synopsys/syn/F-2011.09-SP5-3/auxx/tcllib/lib/tix8.1.4/pref/WmDefault.tcl
/nfs/cad/synopsys/syn/F-2011.09-SP5-3/auxx/tcllib/lib/tix8.1.4/pref/WmDefault.csc
/nfs/cad/synopsys/syn/F-2011.09-SP5-3/auxx/tcllib/lib/tix8.1.4/HList.tcl
/nfs/cad/synopsys/syn/F-2011.09-SP5-3/auxx/tcllib/lib/tk8.4/unsupported.tcl
/nfs/cad/synopsys/syn/F-2011.09-SP5-3/auxx/tcllib/lib/tix8.1.4/Event.tcl
/nfs/cad/synopsys/syn/F-2011.09-SP5-3/auxx/tcllib/lib/tix8.1.4/TList.tcl
/nfs/cad/synopsys/syn/F-2011.09-SP5-3/auxx/tcllib/lib/tix8.1.4/Grid.tcl
/nfs/cad/synopsys/syn/F-2011.09-SP5-3/auxx/tcllib/lib/tix8.1.4/ComboBox.tcl
/nfs/cad/synopsys/syn/F-2011.09-SP5-3/auxx/tcllib/lib/tix8.1.4/LabWidg.tcl
/nfs/cad/synopsys/syn/F-2011.09-SP5-3/auxx/tcllib/lib/tix8.1.4/Primitiv.tcl
/nfs/cad/synopsys/syn/F-2011.09-SP5-3/auxx/tcllib/lib/tix8.1.4/Control.tcl
/nfs/cad/synopsys/syn/F-2011.09-SP5-3/auxx/tcllib/lib/tix8.1.4/FloatEnt.tcl
/nfs/cad/synopsys/syn/F-2011.09-SP5-3/auxx/tcllib/lib/tix8.1.4/LabEntry.tcl
/nfs/cad/synopsys/syn/F-2011.09-SP5-3/auxx/tcllib/lib/tix8.1.4/SGrid.tcl
/nfs/cad/synopsys/syn/F-2011.09-SP5-3/auxx/tcllib/lib/tix8.1.4/SWidget.tcl
/nfs/cad/synopsys/syn/F-2011.09-SP5-3/auxx/tcllib/lib/tix8.1.4/SListBox.tcl
/nfs/cad/synopsys/syn/F-2011.09-SP5-3/auxx/gui/common/histogram/base.tcl
/nfs/cad/synopsys/syn/F-2011.09-SP5-3/auxx/gui/common/profiler/base.tcl
/nfs/cad/synopsys/syn/F-2011.09-SP5-3/auxx/gui/common/schematic/base.tcl
/nfs/cad/synopsys/syn/F-2011.09-SP5-3/auxx/gui/common/select/baseInternal.tcl
/nfs/cad/synopsys/syn/F-2011.09-SP5-3/auxx/gui/common/schematic/enable.tcl
/nfs/cad/synopsys/syn/F-2011.09-SP5-3/auxx/gui/common/schematic/netlist.tcl
/nfs/cad/synopsys/syn/F-2011.09-SP5-3/auxx/gui/common/schematic/method.tcl
/nfs/cad/synopsys/syn/F-2011.09-SP5-3/auxx/gui/common/misc/createViewType.tcl
/nfs/cad/synopsys/syn/F-2011.09-SP5-3/auxx/gui/common/menus/base.tcl
/nfs/cad/synopsys/syn/F-2011.09-SP5-3/auxx/gui/common/libviewer/base.tcl
/nfs/cad/synopsys/syn/F-2011.09-SP5-3/auxx/gui/common/misc/viewmgr.tcl
/nfs/cad/synopsys/syn/F-2011.09-SP5-3/auxx/gui/common/pathinspector/base.tcl
/nfs/cad/synopsys/syn/F-2011.09-SP5-3/auxx/gui/common/pathinspector/create_window_and_menu.tcl
/nfs/cad/synopsys/syn/F-2011.09-SP5-3/auxx/gui/common/misc/infotip.tcl
/nfs/cad/synopsys/syn/F-2011.09-SP5-3/auxx/gui/common/misc/viewporthistory.tcl
