set_app_var search_path "$search_path mapped lib cons rtl"
. /nfs/cad/synopsys/syn/I-2013.12/libraries/syn /nfs/cad/synopsys/syn/I-2013.12/minpower/syn /nfs/cad/synopsys/syn/I-2013.12/dw/syn_ver /nfs/cad/synopsys/syn/I-2013.12/dw/sim_ver mapped lib cons rtl mapped lib cons rtl
set_app_var target_library saed90nm_typ.db
saed90nm_typ.db
set_app_var link_library "* $target_library"
* saed90nm_typ.db
read_verilog "fixSinkList.v"
Loading db file '/nfs/home/rrmina/Desktop/VCS/lib/saed90nm_typ.db'
Loading db file '/nfs/cad/synopsys/syn/I-2013.12/libraries/syn/gtech.db'
Loading db file '/nfs/cad/synopsys/syn/I-2013.12/libraries/syn/standard.sldb'
  Loading link library 'saed90nm_typ'
  Loading link library 'gtech'
Loading verilog file '/nfs/home/rrmina/Desktop/VCS/rtl/fixSinkList.v'
Detecting input file type automatically (-rtl or -netlist).
Reading with Presto HDL Compiler (equivalent to -rtl option).
Running PRESTO HDLC
Compiling source file /nfs/home/rrmina/Desktop/VCS/rtl/fixSinkList.v
$display output: Append knownSink to sinkIDs

Statistics for case statements in always block at line 18 in file
        '/nfs/home/rrmina/Desktop/VCS/rtl/fixSinkList.v'
===============================================
|           Line           |  full/ parallel  |
===============================================
|            37            |    auto/auto     |
===============================================

Inferred memory devices in process
        in routine fixSinkList line 18 in file
                '/nfs/home/rrmina/Desktop/VCS/rtl/fixSinkList.v'.
===============================================================================
|    Register Name    |   Type    | Width | Bus | MB | AR | AS | SR | SS | ST |
===============================================================================
|    worstHops_reg    | Flip-flop |  16   |  Y  | N  | N  | N  | N  | N  | N  |
|    done_buf_reg     | Flip-flop |   1   |  N  | N  | N  | N  | N  | N  | N  |
|    wr_en_buf_reg    | Flip-flop |   1   |  N  | N  | N  | N  | N  | N  | N  |
|   sinkIDCount_reg   | Flip-flop |  16   |  Y  | N  | N  | N  | N  | N  | N  |
| knownSinkCount_reg  | Flip-flop |  16   |  Y  | N  | N  | N  | N  | N  | N  |
|        i_reg        | Flip-flop |  16   |  Y  | N  | N  | N  | N  | N  | N  |
|        j_reg        | Flip-flop |  16   |  Y  | N  | N  | N  | N  | N  | N  |
|  neighborCount_reg  | Flip-flop |  10   |  Y  | N  | N  | N  | N  | N  | N  |
|  neighborCount_reg  | Flip-flop |   6   |  Y  | N  | N  | N  | N  | N  | N  |
|      state_reg      | Flip-flop |   4   |  Y  | N  | N  | N  | N  | N  | N  |
|  data_out_buf_reg   | Flip-flop |  16   |  Y  | N  | N  | N  | N  | N  | N  |
|   knownSinks_reg    | Flip-flop |  16   |  Y  | N  | N  | N  | N  | N  | N  |
|        k_reg        | Flip-flop |  16   |  Y  | N  | N  | N  | N  | N  | N  |
|  address_count_reg  | Flip-flop |  11   |  Y  | N  | N  | N  | N  | N  | N  |
===============================================================================
Presto compilation completed successfully.
Current design is now '/nfs/home/rrmina/Desktop/VCS/rtl/fixSinkList.db:fixSinkList'
Loaded 1 design.
Current design is 'fixSinkList'.
fixSinkList
current_design fixSinkList
Current design is 'fixSinkList'.
{fixSinkList}
link

  Linking design 'fixSinkList'
  Using the following designs and libraries:
  --------------------------------------------------------------------------
  fixSinkList                 /nfs/home/rrmina/Desktop/VCS/rtl/fixSinkList.db
  saed90nm_typ (library)      /nfs/home/rrmina/Desktop/VCS/lib/saed90nm_typ.db

1
check_design > check_design.log
source timing.con
1
compile
Information: Evaluating DesignWare library utilization. (UISN-27)

============================================================================
| DesignWare Building Block Library  |         Version         | Available |
============================================================================
| Basic DW Building Blocks           | I-2013.12-DWBB_201312.0 |     *     |
| Licensed DW Building Blocks        |                         |           |
============================================================================


Information: There are 13 potential problems in your design. Please run 'check_design' for more information. (LINT-99)



  Beginning Pass 1 Mapping
  ------------------------
  Processing 'fixSinkList'

  Updating timing information
Information: Updating design information... (UID-85)

  Beginning Implementation Selection
  ----------------------------------
  Processing 'fixSinkList_DW01_add_0'
  Processing 'fixSinkList_DW01_add_1'
  Processing 'fixSinkList_DW01_inc_0'
  Processing 'fixSinkList_DW01_add_2'
  Processing 'fixSinkList_DW01_add_3'
  Processing 'fixSinkList_DW01_add_4'
  Processing 'fixSinkList_DW01_add_5'
  Processing 'fixSinkList_DW01_add_6'
  Processing 'fixSinkList_DW01_add_7'
  Processing 'fixSinkList_DW01_add_8'
  Processing 'fixSinkList_DW01_cmp6_0'
  Processing 'fixSinkList_DW01_inc_1'
  Processing 'fixSinkList_DW01_cmp6_1'
  Processing 'fixSinkList_DW01_inc_2'
  Processing 'fixSinkList_DW01_add_9'
  Processing 'fixSinkList_DW01_cmp6_2'
  Processing 'fixSinkList_DW01_inc_3'
  Processing 'fixSinkList_DW01_cmp6_3'
  Processing 'fixSinkList_DW01_add_10'
  Building model 'DW01_inc_width16' (rpl)
  Processing 'DW01_inc_width16'
  Processing 'fixSinkList_DW01_add_11'
  Processing 'fixSinkList_DW01_inc_4'

  Beginning Mapping Optimizations  (Medium effort)
  -------------------------------

                                  TOTAL                                      
   ELAPSED            WORST NEG   SETUP    DESIGN                            
    TIME      AREA      SLACK     COST    RULE COST         ENDPOINT         
  --------- --------- --------- --------- --------- -------------------------
    0:00:04   12988.2      0.00       0.0       0.0                          
    0:00:04   12988.2      0.00       0.0       0.0                          
    0:00:04   12988.2      0.00       0.0       0.0                          
    0:00:04   12988.2      0.00       0.0       0.0                          
    0:00:04   12988.2      0.00       0.0       0.0                          
    0:00:04   12676.4      0.00       0.0       0.0                          
    0:00:04   12676.4      0.00       0.0       0.0                          
    0:00:04   12676.4      0.00       0.0       0.0                          
    0:00:04   12676.4      0.00       0.0       0.0                          
    0:00:04   12676.4      0.00       0.0       0.0                          
    0:00:04   12676.4      0.00       0.0       0.0                          
    0:00:04   12676.4      0.00       0.0       0.0                          
    0:00:04   12676.4      0.00       0.0       0.0                          



  Beginning Delay Optimization Phase
  ----------------------------------

                                  TOTAL                                      
   ELAPSED            WORST NEG   SETUP    DESIGN                            
    TIME      AREA      SLACK     COST    RULE COST         ENDPOINT         
  --------- --------- --------- --------- --------- -------------------------
    0:00:04   12676.4      0.00       0.0       0.0                          
    0:00:04   12676.4      0.00       0.0       0.0                          
    0:00:05   12612.5      0.00       0.0       0.0                          


  Beginning Area-Recovery Phase  (cleanup)
  -----------------------------

                                  TOTAL                                      
   ELAPSED            WORST NEG   SETUP    DESIGN                            
    TIME      AREA      SLACK     COST    RULE COST         ENDPOINT         
  --------- --------- --------- --------- --------- -------------------------
    0:00:05   12612.5      0.00       0.0       0.0                          
    0:00:05   12612.5      0.00       0.0       0.0                          
    0:00:05   12594.9      0.00       0.0       0.0                          
    0:00:05   12589.0      0.00       0.0       0.0                          
    0:00:05   12589.0      0.00       0.0       0.0                          
    0:00:05   12589.0      0.00       0.0       0.0                          
    0:00:05   12589.0      0.00       0.0       0.0                          
    0:00:05   12589.0      0.00       0.0       0.0                          
    0:00:05   12589.0      0.00       0.0       0.0                          
    0:00:05   12589.0      0.00       0.0       0.0                          
    0:00:05   12589.0      0.00       0.0       0.0                          
    0:00:05   12589.0      0.00       0.0       0.0                          
    0:00:05   12589.0      0.00       0.0       0.0                          
    0:00:05   12589.0      0.00       0.0       0.0                          
Loading db file '/nfs/home/rrmina/Desktop/VCS/lib/saed90nm_typ.db'

  Optimization Complete
  ---------------------
1
report_constraint -all_violators > constraint_report.log
report_area > area_report.log
report_timing > timing_report.log
write_sdf -version 1.0 mapped/fixSinkList_mapped.sdf
Information: Annotated 'cell' delays are assumed to include load delay. (UID-282)
Information: Writing timing information to file '/nfs/home/rrmina/Desktop/VCS/mapped/fixSinkList_mapped.sdf'. (WT-3)
1
write -f verilog -hier -out mapped/fixSinkList_mapped.v
Writing verilog file '/nfs/home/rrmina/Desktop/VCS/mapped/fixSinkList_mapped.v'.
1
gui_start
Current design is 'fixSinkList'.
dc_shell> exit

Thank you...

