set_app_var search_path "$search_path mapped lib cons rtl"
. /nfs/cad/synopsys/syn/I-2013.12/libraries/syn /nfs/cad/synopsys/syn/I-2013.12/minpower/syn /nfs/cad/synopsys/syn/I-2013.12/dw/syn_ver /nfs/cad/synopsys/syn/I-2013.12/dw/sim_ver mapped lib cons rtl mapped lib cons rtl
set_app_var target_library saed90nm_typ.db
saed90nm_typ.db
set_app_var link_library "* $target_library"
* saed90nm_typ.db
read_verilog "learnCosts.v"
Loading db file '/nfs/home/rrmina/Desktop/VCS/lib/saed90nm_typ.db'
Loading db file '/nfs/cad/synopsys/syn/I-2013.12/libraries/syn/gtech.db'
Loading db file '/nfs/cad/synopsys/syn/I-2013.12/libraries/syn/standard.sldb'
  Loading link library 'saed90nm_typ'
  Loading link library 'gtech'
Loading verilog file '/nfs/home/rrmina/Desktop/VCS/rtl/learnCosts.v'
Detecting input file type automatically (-rtl or -netlist).
Reading with Presto HDL Compiler (equivalent to -rtl option).
Running PRESTO HDLC
Compiling source file /nfs/home/rrmina/Desktop/VCS/rtl/learnCosts.v

Statistics for case statements in always block at line 21 in file
        '/nfs/home/rrmina/Desktop/VCS/rtl/learnCosts.v'
===============================================
|           Line           |  full/ parallel  |
===============================================
|            40            |    auto/auto     |
===============================================

Inferred memory devices in process
        in routine learnCosts line 21 in file
                '/nfs/home/rrmina/Desktop/VCS/rtl/learnCosts.v'.
==================================================================================
|     Register Name      |   Type    | Width | Bus | MB | AR | AS | SR | SS | ST |
==================================================================================
|   neighborCount_reg    | Flip-flop |  16   |  Y  | N  | N  | N  | N  | N  | N  |
|    data_out_buf_reg    | Flip-flop |  16   |  Y  | N  | N  | N  | N  | N  | N  |
| sinkID_address_buf_reg | Flip-flop |   7   |  Y  | N  | N  | N  | N  | N  | N  |
| sinkID_address_buf_reg | Flip-flop |   4   |  Y  | N  | N  | N  | N  | N  | N  |
|       found_reg        | Flip-flop |   1   |  N  | N  | N  | N  | N  | N  | N  |
|   knownSinkCount_reg   | Flip-flop |  16   |  Y  | N  | N  | N  | N  | N  | N  |
|      done_buf_reg      | Flip-flop |   1   |  N  | N  | N  | N  | N  | N  | N  |
|   address_count_reg    | Flip-flop |  11   |  Y  | N  | N  | N  | N  | N  | N  |
|       state_reg        | Flip-flop |   5   |  Y  | N  | N  | N  | N  | N  | N  |
|       reinit_reg       | Flip-flop |   1   |  N  | N  | N  | N  | N  | N  | N  |
|     wr_en_buf_reg      | Flip-flop |   1   |  N  | N  | N  | N  | N  | N  | N  |
|         k_reg          | Flip-flop |  16   |  Y  | N  | N  | N  | N  | N  | N  |
|         n_reg          | Flip-flop |  16   |  Y  | N  | N  | N  | N  | N  | N  |
==================================================================================
Presto compilation completed successfully.
Current design is now '/nfs/home/rrmina/Desktop/VCS/rtl/learnCosts.db:learnCosts'
Loaded 1 design.
Current design is 'learnCosts'.
learnCosts
current_design learnCosts
Current design is 'learnCosts'.
{learnCosts}
link

  Linking design 'learnCosts'
  Using the following designs and libraries:
  --------------------------------------------------------------------------
  learnCosts                  /nfs/home/rrmina/Desktop/VCS/rtl/learnCosts.db
  saed90nm_typ (library)      /nfs/home/rrmina/Desktop/VCS/lib/saed90nm_typ.db

1
check_design > check_design.log
source timing.con
1
compile
Information: Evaluating DesignWare library utilization. (UISN-27)

============================================================================
| DesignWare Building Block Library  |         Version         | Available |
============================================================================
| Basic DW Building Blocks           | I-2013.12-DWBB_201312.0 |     *     |
| Licensed DW Building Blocks        |                         |           |
============================================================================


Information: There are 19 potential problems in your design. Please run 'check_design' for more information. (LINT-99)



  Beginning Pass 1 Mapping
  ------------------------
  Processing 'learnCosts'

  Updating timing information
Information: Updating design information... (UID-85)

  Beginning Implementation Selection
  ----------------------------------
  Processing 'learnCosts_DW01_inc_0'
  Processing 'learnCosts_DW01_add_0'
  Processing 'learnCosts_DW01_add_1'
  Processing 'learnCosts_DW01_add_2'
  Processing 'learnCosts_DW01_add_3'
  Processing 'learnCosts_DW01_add_4'
  Processing 'learnCosts_DW01_add_5'
  Processing 'learnCosts_DW01_cmp2_0'
  Processing 'learnCosts_DW01_add_6'
  Processing 'learnCosts_DW01_add_7'
  Processing 'learnCosts_DW01_add_8'
  Processing 'learnCosts_DW01_inc_1'
  Processing 'learnCosts_DW01_add_9'
  Processing 'learnCosts_DW01_cmp6_0'
  Processing 'learnCosts_DW01_add_10'
  Processing 'learnCosts_DW01_cmp6_1'
  Processing 'learnCosts_DW01_inc_2'
  Processing 'learnCosts_DW01_add_11'
  Processing 'learnCosts_DW01_add_12'
  Processing 'learnCosts_DW01_cmp6_2'

  Beginning Mapping Optimizations  (Medium effort)
  -------------------------------

                                  TOTAL                                      
   ELAPSED            WORST NEG   SETUP    DESIGN                            
    TIME      AREA      SLACK     COST    RULE COST         ENDPOINT         
  --------- --------- --------- --------- --------- -------------------------
    0:00:05   11382.7      0.00       0.0       0.0                          
    0:00:05   11382.7      0.00       0.0       0.0                          
    0:00:05   11382.7      0.00       0.0       0.0                          
    0:00:05   11382.7      0.00       0.0       0.0                          
    0:00:05   11382.7      0.00       0.0       0.0                          
    0:00:05   10991.0      0.00       0.0       0.0                          
    0:00:05   10991.0      0.00       0.0       0.0                          
    0:00:05   10991.0      0.00       0.0       0.0                          
    0:00:05   10991.0      0.00       0.0       0.0                          
    0:00:05   10991.0      0.00       0.0       0.0                          
    0:00:05   10991.0      0.00       0.0       0.0                          
    0:00:05   10991.0      0.00       0.0       0.0                          
    0:00:05   10991.0      0.00       0.0       0.0                          



  Beginning Delay Optimization Phase
  ----------------------------------

                                  TOTAL                                      
   ELAPSED            WORST NEG   SETUP    DESIGN                            
    TIME      AREA      SLACK     COST    RULE COST         ENDPOINT         
  --------- --------- --------- --------- --------- -------------------------
    0:00:05   10991.0      0.00       0.0       0.0                          
    0:00:05   10991.0      0.00       0.0       0.0                          
    0:00:06   10930.6      0.00       0.0       0.0                          


  Beginning Area-Recovery Phase  (cleanup)
  -----------------------------

                                  TOTAL                                      
   ELAPSED            WORST NEG   SETUP    DESIGN                            
    TIME      AREA      SLACK     COST    RULE COST         ENDPOINT         
  --------- --------- --------- --------- --------- -------------------------
    0:00:06   10930.6      0.00       0.0       0.0                          
    0:00:06   10930.6      0.00       0.0       0.0                          
    0:00:06   10906.2      0.00       0.0       0.0                          
    0:00:06   10893.7      0.00       0.0       0.0                          
    0:00:06   10881.4      0.00       0.0       0.0                          
    0:00:06   10875.2      0.00       0.0       0.0                          
    0:00:06   10875.2      0.00       0.0       0.0                          
    0:00:06   10875.2      0.00       0.0       0.0                          
    0:00:06   10875.2      0.00       0.0       0.0                          
    0:00:06   10875.2      0.00       0.0       0.0                          
    0:00:06   10875.2      0.00       0.0       0.0                          
    0:00:06   10875.2      0.00       0.0       0.0                          
    0:00:06   10875.2      0.00       0.0       0.0                          
    0:00:06   10875.2      0.00       0.0       0.0                          
    0:00:06   10875.2      0.00       0.0       0.0                          
Loading db file '/nfs/home/rrmina/Desktop/VCS/lib/saed90nm_typ.db'

  Optimization Complete
  ---------------------
1
report_constraint -all_violators > constraint_report.log
report_area > area_report.log
report_timing > timing_report.log
write_sdf -version 1.0 mapped/learnCosts.sdf
Information: Annotated 'cell' delays are assumed to include load delay. (UID-282)
Information: Writing timing information to file '/nfs/home/rrmina/Desktop/VCS/mapped/learnCosts.sdf'. (WT-3)
1
write -f verilog -hier -out mapped/mapped_learnCosts.v
Writing verilog file '/nfs/home/rrmina/Desktop/VCS/mapped/mapped_learnCosts.v'.
Warning: Verilog 'assign' or 'tran' statements are written out. (VO-4)
1
gui_start
Current design is 'learnCosts'.
Current design is 'learnCosts'.
Loading db file '/nfs/cad/synopsys/syn/I-2013.12/libraries/syn/generic.sdb'
dc_shell> exit

Thank you...

