set_app_var search_path "$search_path mapped lib cons rtl"
. /nfs/cad/synopsys/syn/I-2013.12/libraries/syn /nfs/cad/synopsys/syn/I-2013.12/minpower/syn /nfs/cad/synopsys/syn/I-2013.12/dw/syn_ver /nfs/cad/synopsys/syn/I-2013.12/dw/sim_ver mapped lib cons rtl mapped lib cons rtl
set_app_var target_library saed90nm_typ.db
saed90nm_typ.db
set_app_var link_library "* $target_library"
* saed90nm_typ.db
read_verilog "neighborSinkInOtherCluster.v"
Loading db file '/nfs/home/rrmina/Desktop/VCS/lib/saed90nm_typ.db'
Loading db file '/nfs/cad/synopsys/syn/I-2013.12/libraries/syn/gtech.db'
Loading db file '/nfs/cad/synopsys/syn/I-2013.12/libraries/syn/standard.sldb'
  Loading link library 'saed90nm_typ'
  Loading link library 'gtech'
Loading verilog file '/nfs/home/rrmina/Desktop/VCS/rtl/neighborSinkInOtherCluster.v'
Detecting input file type automatically (-rtl or -netlist).
Reading with Presto HDL Compiler (equivalent to -rtl option).
Running PRESTO HDLC
Compiling source file /nfs/home/rrmina/Desktop/VCS/rtl/neighborSinkInOtherCluster.v
$display output: ?,?,?,?,?
$display output: There are neighbor sinks in other clusters!,?,?,?,1

Statistics for case statements in always block at line 24 in file
        '/nfs/home/rrmina/Desktop/VCS/rtl/neighborSinkInOtherCluster.v'
===============================================
|           Line           |  full/ parallel  |
===============================================
|            41            |    auto/auto     |
===============================================

Inferred memory devices in process
        in routine neighborSinkInOtherCluster line 24 in file
                '/nfs/home/rrmina/Desktop/VCS/rtl/neighborSinkInOtherCluster.v'.
==================================================================================
|     Register Name      |   Type    | Width | Bus | MB | AR | AS | SR | SS | ST |
==================================================================================
|   address_count_reg    | Flip-flop |  11   |  Y  | N  | N  | N  | N  | N  | N  |
|    data_out_buf_reg    | Flip-flop |  16   |  Y  | N  | N  | N  | N  | N  | N  |
|       state_reg        | Flip-flop |   4   |  Y  | N  | N  | N  | N  | N  | N  |
|   neighborCount_reg    | Flip-flop |  16   |  Y  | N  | N  | N  | N  | N  | N  |
|   knownSinkCount_reg   | Flip-flop |  16   |  Y  | N  | N  | N  | N  | N  | N  |
|         j_reg          | Flip-flop |  16   |  Y  | N  | N  | N  | N  | N  | N  |
|     clusterID_reg      | Flip-flop |  16   |  Y  | N  | N  | N  | N  | N  | N  |
|         i_reg          | Flip-flop |  16   |  Y  | N  | N  | N  | N  | N  | N  |
|     neighborID_reg     | Flip-flop |  11   |  Y  | N  | N  | N  | N  | N  | N  |
|     neighborID_reg     | Flip-flop |   5   |  Y  | N  | N  | N  | N  | N  | N  |
| forAggregation_buf_reg | Flip-flop |   1   |  N  | N  | N  | N  | N  | N  | N  |
|      done_buf_reg      | Flip-flop |   1   |  N  | N  | N  | N  | N  | N  | N  |
|     wr_en_buf_reg      | Flip-flop |   1   |  N  | N  | N  | N  | N  | N  | N  |
==================================================================================
Presto compilation completed successfully.
Current design is now '/nfs/home/rrmina/Desktop/VCS/rtl/neighborSinkInOtherCluster.db:neighborSinkInOtherCluster'
Loaded 1 design.
Current design is 'neighborSinkInOtherCluster'.
neighborSinkInOtherCluster
current_design neighborSinkInOtherCluster
Current design is 'neighborSinkInOtherCluster'.
{neighborSinkInOtherCluster}
link

  Linking design 'neighborSinkInOtherCluster'
  Using the following designs and libraries:
  --------------------------------------------------------------------------
  neighborSinkInOtherCluster  /nfs/home/rrmina/Desktop/VCS/rtl/neighborSinkInOtherCluster.db
  saed90nm_typ (library)      /nfs/home/rrmina/Desktop/VCS/lib/saed90nm_typ.db

1
check_design > check_design.log
source timing.con
1
compile
Information: Evaluating DesignWare library utilization. (UISN-27)

============================================================================
| DesignWare Building Block Library  |         Version         | Available |
============================================================================
| Basic DW Building Blocks           | I-2013.12-DWBB_201312.0 |     *     |
| Licensed DW Building Blocks        |                         |           |
============================================================================


Information: There are 3 potential problems in your design. Please run 'check_design' for more information. (LINT-99)



  Beginning Pass 1 Mapping
  ------------------------
  Processing 'neighborSinkInOtherCluster'
Information: The register 'data_out_buf_reg[15]' is a constant and will be removed. (OPT-1206)
Information: The register 'data_out_buf_reg[14]' is a constant and will be removed. (OPT-1206)
Information: The register 'data_out_buf_reg[13]' is a constant and will be removed. (OPT-1206)
Information: The register 'data_out_buf_reg[12]' is a constant and will be removed. (OPT-1206)
Information: The register 'data_out_buf_reg[11]' is a constant and will be removed. (OPT-1206)
Information: The register 'data_out_buf_reg[10]' is a constant and will be removed. (OPT-1206)
Information: The register 'data_out_buf_reg[9]' is a constant and will be removed. (OPT-1206)
Information: The register 'data_out_buf_reg[8]' is a constant and will be removed. (OPT-1206)
Information: The register 'data_out_buf_reg[7]' is a constant and will be removed. (OPT-1206)
Information: The register 'data_out_buf_reg[6]' is a constant and will be removed. (OPT-1206)
Information: The register 'data_out_buf_reg[5]' is a constant and will be removed. (OPT-1206)
Information: The register 'data_out_buf_reg[4]' is a constant and will be removed. (OPT-1206)
Information: The register 'data_out_buf_reg[3]' is a constant and will be removed. (OPT-1206)
Information: The register 'data_out_buf_reg[2]' is a constant and will be removed. (OPT-1206)
Information: The register 'data_out_buf_reg[1]' is a constant and will be removed. (OPT-1206)

  Updating timing information
Information: Updating design information... (UID-85)

  Beginning Implementation Selection
  ----------------------------------
  Processing 'neighborSinkInOtherCluster_DW01_cmp6_0'
  Processing 'neighborSinkInOtherCluster_DW01_add_0'
  Processing 'neighborSinkInOtherCluster_DW01_inc_0'
  Processing 'neighborSinkInOtherCluster_DW01_cmp6_1'
  Processing 'neighborSinkInOtherCluster_DW01_add_1'
  Processing 'neighborSinkInOtherCluster_DW01_inc_1'
  Processing 'neighborSinkInOtherCluster_DW01_cmp6_2'
  Processing 'neighborSinkInOtherCluster_DW01_cmp6_3'
  Processing 'neighborSinkInOtherCluster_DW01_add_2'
  Processing 'neighborSinkInOtherCluster_DW01_add_3'

  Beginning Mapping Optimizations  (Medium effort)
  -------------------------------

                                  TOTAL                                      
   ELAPSED            WORST NEG   SETUP    DESIGN                            
    TIME      AREA      SLACK     COST    RULE COST         ENDPOINT         
  --------- --------- --------- --------- --------- -------------------------
    0:00:03    8023.7      0.00       0.0       0.0                          
    0:00:03    8023.7      0.00       0.0       0.0                          
    0:00:03    8023.7      0.00       0.0       0.0                          
    0:00:03    8023.7      0.00       0.0       0.0                          
    0:00:03    8023.7      0.00       0.0       0.0                          
    0:00:03    7697.3      0.00       0.0       0.0                          
    0:00:03    7697.3      0.00       0.0       0.0                          
    0:00:03    7697.3      0.00       0.0       0.0                          
    0:00:03    7697.3      0.00       0.0       0.0                          
    0:00:03    7697.3      0.00       0.0       0.0                          
    0:00:03    7697.3      0.00       0.0       0.0                          
    0:00:03    7697.3      0.00       0.0       0.0                          
    0:00:03    7697.3      0.00       0.0       0.0                          



  Beginning Delay Optimization Phase
  ----------------------------------

                                  TOTAL                                      
   ELAPSED            WORST NEG   SETUP    DESIGN                            
    TIME      AREA      SLACK     COST    RULE COST         ENDPOINT         
  --------- --------- --------- --------- --------- -------------------------
    0:00:03    7697.3      0.00       0.0       0.0                          
    0:00:03    7697.3      0.00       0.0       0.0                          
    0:00:04    7645.7      0.00       0.0       0.0                          


  Beginning Area-Recovery Phase  (cleanup)
  -----------------------------

                                  TOTAL                                      
   ELAPSED            WORST NEG   SETUP    DESIGN                            
    TIME      AREA      SLACK     COST    RULE COST         ENDPOINT         
  --------- --------- --------- --------- --------- -------------------------
    0:00:04    7645.7      0.00       0.0       0.0                          
    0:00:04    7645.7      0.00       0.0       0.0                          
    0:00:04    7644.8      0.00       0.0       0.0                          
    0:00:04    7644.8      0.00       0.0       0.0                          
    0:00:04    7644.8      0.00       0.0       0.0                          
    0:00:04    7644.8      0.00       0.0       0.0                          
    0:00:04    7644.8      0.00       0.0       0.0                          
    0:00:04    7644.8      0.00       0.0       0.0                          
    0:00:04    7644.8      0.00       0.0       0.0                          
    0:00:04    7644.8      0.00       0.0       0.0                          
    0:00:04    7644.8      0.00       0.0       0.0                          
    0:00:04    7644.8      0.00       0.0       0.0                          
    0:00:04    7644.8      0.00       0.0       0.0                          
Loading db file '/nfs/home/rrmina/Desktop/VCS/lib/saed90nm_typ.db'

  Optimization Complete
  ---------------------
1
report_constraint -all_violators > constraint_report.log
report_area > area_report.log
report_timing > timing_report.log
write_sdf -version 1.0 mapped/neighborSinkInOtherCluster_mapped.sdf
Information: Annotated 'cell' delays are assumed to include load delay. (UID-282)
Information: Writing timing information to file '/nfs/home/rrmina/Desktop/VCS/mapped/neighborSinkInOtherCluster_mapped.sdf'. (WT-3)
1
write -f verilog -hier -out mapped/neighborSinkInOtherCluster_mapped.v
Writing verilog file '/nfs/home/rrmina/Desktop/VCS/mapped/neighborSinkInOtherCluster_mapped.v'.
Warning: Verilog 'assign' or 'tran' statements are written out. (VO-4)
1
gui_start
Current design is 'neighborSinkInOtherCluster'.
dc_shell> exit

Thank you...

