set_app_var search_path "$search_path mapped lib cons rtl"
. /nfs/cad/synopsys/syn/I-2013.12/libraries/syn /nfs/cad/synopsys/syn/I-2013.12/minpower/syn /nfs/cad/synopsys/syn/I-2013.12/dw/syn_ver /nfs/cad/synopsys/syn/I-2013.12/dw/sim_ver mapped lib cons rtl mapped lib cons rtl
set_app_var target_library saed90nm_typ.db
saed90nm_typ.db
set_app_var link_library "* $target_library"
* saed90nm_typ.db
read_verilog "reward.v"
Loading db file '/nfs/home/rrmina/Desktop/VCS/lib/saed90nm_typ.db'
Loading db file '/nfs/cad/synopsys/syn/I-2013.12/libraries/syn/gtech.db'
Loading db file '/nfs/cad/synopsys/syn/I-2013.12/libraries/syn/standard.sldb'
  Loading link library 'saed90nm_typ'
  Loading link library 'gtech'
Loading verilog file '/nfs/home/rrmina/Desktop/VCS/rtl/reward.v'
Detecting input file type automatically (-rtl or -netlist).
Reading with Presto HDL Compiler (equivalent to -rtl option).
Running PRESTO HDLC
Compiling source file /nfs/home/rrmina/Desktop/VCS/rtl/reward.v
$display output: fsourceID: ?
$display output: fbatteryStat: ????????????????,?
$display output: fValue: ????????????????
$display output: fclusterID: ?
$display output: fdestinationID: ?

Statistics for case statements in always block at line 20 in file
        '/nfs/home/rrmina/Desktop/VCS/rtl/reward.v'
===============================================
|           Line           |  full/ parallel  |
===============================================
|            28            |    auto/auto     |
===============================================

Inferred memory devices in process
        in routine reward line 20 in file
                '/nfs/home/rrmina/Desktop/VCS/rtl/reward.v'.
===============================================================================
|    Register Name    |   Type    | Width | Bus | MB | AR | AS | SR | SS | ST |
===============================================================================
|    done_buf_reg     | Flip-flop |   1   |  N  | N  | N  | N  | N  | N  | N  |
|      state_reg      | Flip-flop |   4   |  Y  | N  | N  | N  | N  | N  | N  |
|  data_out_buf_reg   | Flip-flop |  16   |  Y  | N  | N  | N  | N  | N  | N  |
|  address_count_reg  | Flip-flop |  11   |  Y  | N  | N  | N  | N  | N  | N  |
===============================================================================
Presto compilation completed successfully.
Current design is now '/nfs/home/rrmina/Desktop/VCS/rtl/reward.db:reward'
Loaded 1 design.
Current design is 'reward'.
reward
current_design reward
Current design is 'reward'.
{reward}
link

  Linking design 'reward'
  Using the following designs and libraries:
  --------------------------------------------------------------------------
  reward                      /nfs/home/rrmina/Desktop/VCS/rtl/reward.db
  saed90nm_typ (library)      /nfs/home/rrmina/Desktop/VCS/lib/saed90nm_typ.db

1
check_design > check_design.log
source timing.con
1
compile
Information: Evaluating DesignWare library utilization. (UISN-27)

============================================================================
| DesignWare Building Block Library  |         Version         | Available |
============================================================================
| Basic DW Building Blocks           | I-2013.12-DWBB_201312.0 |     *     |
| Licensed DW Building Blocks        |                         |           |
============================================================================


Information: There are 15 potential problems in your design. Please run 'check_design' for more information. (LINT-99)



  Beginning Pass 1 Mapping
  ------------------------
  Processing 'reward'
Information: The register 'state_reg[3]' is a constant and will be removed. (OPT-1206)

  Updating timing information
Information: Updating design information... (UID-85)

  Beginning Implementation Selection
  ----------------------------------
  Processing 'reward_DW01_add_0'
  Processing 'reward_DW01_add_1'
  Processing 'reward_DW01_add_2'

  Beginning Mapping Optimizations  (Medium effort)
  -------------------------------

                                  TOTAL                                      
   ELAPSED            WORST NEG   SETUP    DESIGN                            
    TIME      AREA      SLACK     COST    RULE COST         ENDPOINT         
  --------- --------- --------- --------- --------- -------------------------
    0:00:01    2344.7      0.00       0.0       0.0                          
    0:00:01    2344.7      0.00       0.0       0.0                          
    0:00:01    2344.7      0.00       0.0       0.0                          
    0:00:01    2344.7      0.00       0.0       0.0                          
    0:00:01    2344.7      0.00       0.0       0.0                          
    0:00:01    2244.0      0.00       0.0       0.0                          
    0:00:01    2244.0      0.00       0.0       0.0                          
    0:00:01    2244.0      0.00       0.0       0.0                          
    0:00:01    2244.0      0.00       0.0       0.0                          
    0:00:01    2244.0      0.00       0.0       0.0                          
    0:00:01    2244.0      0.00       0.0       0.0                          
    0:00:01    2244.0      0.00       0.0       0.0                          
    0:00:01    2244.0      0.00       0.0       0.0                          



  Beginning Delay Optimization Phase
  ----------------------------------

                                  TOTAL                                      
   ELAPSED            WORST NEG   SETUP    DESIGN                            
    TIME      AREA      SLACK     COST    RULE COST         ENDPOINT         
  --------- --------- --------- --------- --------- -------------------------
    0:00:01    2244.0      0.00       0.0       0.0                          
    0:00:01    2244.0      0.00       0.0       0.0                          
    0:00:01    2244.0      0.00       0.0       0.0                          


  Beginning Area-Recovery Phase  (cleanup)
  -----------------------------

                                  TOTAL                                      
   ELAPSED            WORST NEG   SETUP    DESIGN                            
    TIME      AREA      SLACK     COST    RULE COST         ENDPOINT         
  --------- --------- --------- --------- --------- -------------------------
    0:00:01    2244.0      0.00       0.0       0.0                          
    0:00:01    2244.0      0.00       0.0       0.0                          
    0:00:01    2238.2      0.00       0.0       0.0                          
    0:00:01    2238.2      0.00       0.0       0.0                          
    0:00:01    2238.2      0.00       0.0       0.0                          
    0:00:01    2238.2      0.00       0.0       0.0                          
    0:00:01    2238.2      0.00       0.0       0.0                          
    0:00:01    2238.2      0.00       0.0       0.0                          
    0:00:01    2238.2      0.00       0.0       0.0                          
    0:00:01    2238.2      0.00       0.0       0.0                          
    0:00:01    2238.2      0.00       0.0       0.0                          
    0:00:01    2238.2      0.00       0.0       0.0                          
    0:00:01    2238.2      0.00       0.0       0.0                          
Loading db file '/nfs/home/rrmina/Desktop/VCS/lib/saed90nm_typ.db'

  Optimization Complete
  ---------------------
1
report_constraint -all_violators > constraint_report.log
report_area > area_report.log
report_timing > timing_report.log
write_sdf -version 1.0 mapped/reward.sdf
Information: Annotated 'cell' delays are assumed to include load delay. (UID-282)
Information: Writing timing information to file '/nfs/home/rrmina/Desktop/VCS/mapped/reward.sdf'. (WT-3)
1
write -f verilog -hier -out mapped/mapped_reward.v
Writing verilog file '/nfs/home/rrmina/Desktop/VCS/mapped/mapped_reward.v'.
Warning: Verilog 'assign' or 'tran' statements are written out. (VO-4)
1
gui_start
Current design is 'reward'.
dc_shell> exit

Thank you...

