set_app_var search_path "$search_path mapped lib cons rtl"
. /nfs/cad/synopsys/syn/I-2013.12/libraries/syn /nfs/cad/synopsys/syn/I-2013.12/minpower/syn /nfs/cad/synopsys/syn/I-2013.12/dw/syn_ver /nfs/cad/synopsys/syn/I-2013.12/dw/sim_ver mapped lib cons rtl mapped lib cons rtl
set_app_var target_library saed90nm_typ.db
saed90nm_typ.db
set_app_var link_library "* $target_library"
* saed90nm_typ.db
read_verilog "rngAddress.v"
Loading db file '/nfs/home/rrmina/Desktop/VCS/lib/saed90nm_typ.db'
Loading db file '/nfs/cad/synopsys/syn/I-2013.12/libraries/syn/gtech.db'
Loading db file '/nfs/cad/synopsys/syn/I-2013.12/libraries/syn/standard.sldb'
  Loading link library 'saed90nm_typ'
  Loading link library 'gtech'
Loading verilog file '/nfs/home/rrmina/Desktop/VCS/rtl/rngAddress.v'
Detecting input file type automatically (-rtl or -netlist).
Reading with Presto HDL Compiler (equivalent to -rtl option).
Running PRESTO HDLC
Compiling source file /nfs/home/rrmina/Desktop/VCS/rtl/rngAddress.v

Statistics for case statements in always block at line 12 in file
        '/nfs/home/rrmina/Desktop/VCS/rtl/rngAddress.v'
===============================================
|           Line           |  full/ parallel  |
===============================================
|            19            |    auto/auto     |
===============================================

Inferred memory devices in process
        in routine rngAddress line 12 in file
                '/nfs/home/rrmina/Desktop/VCS/rtl/rngAddress.v'.
====================================================================================
|      Register Name       |   Type    | Width | Bus | MB | AR | AS | SR | SS | ST |
====================================================================================
|        state_reg         | Flip-flop |   3   |  Y  | N  | N  | N  | N  | N  | N  |
| done_rng_address_buf_reg | Flip-flop |   1   |  N  | N  | N  | N  | N  | N  | N  |
|   rng_address_buf_reg    | Flip-flop |  16   |  Y  | N  | N  | N  | N  | N  | N  |
====================================================================================
Presto compilation completed successfully.
Current design is now '/nfs/home/rrmina/Desktop/VCS/rtl/rngAddress.db:rngAddress'
Loaded 1 design.
Current design is 'rngAddress'.
rngAddress
current_design rngAddress
Current design is 'rngAddress'.
{rngAddress}
link

  Linking design 'rngAddress'
  Using the following designs and libraries:
  --------------------------------------------------------------------------
  rngAddress                  /nfs/home/rrmina/Desktop/VCS/rtl/rngAddress.db
  saed90nm_typ (library)      /nfs/home/rrmina/Desktop/VCS/lib/saed90nm_typ.db

1
check_design > check_design.log
source timing.con
1
compile
Information: Evaluating DesignWare library utilization. (UISN-27)

============================================================================
| DesignWare Building Block Library  |         Version         | Available |
============================================================================
| Basic DW Building Blocks           | I-2013.12-DWBB_201312.0 |     *     |
| Licensed DW Building Blocks        |                         |           |
============================================================================


Information: There are 1 potential problems in your design. Please run 'check_design' for more information. (LINT-99)



  Beginning Pass 1 Mapping
  ------------------------
  Processing 'rngAddress'
Information: The register 'state_reg[2]' is a constant and will be removed. (OPT-1206)

  Updating timing information
Information: Updating design information... (UID-85)

  Beginning Implementation Selection
  ----------------------------------
  Processing 'rngAddress_DW01_sub_0'
  Processing 'rngAddress_DW01_cmp2_0'

  Beginning Mapping Optimizations  (Medium effort)
  -------------------------------

                                  TOTAL                                      
   ELAPSED            WORST NEG   SETUP    DESIGN                            
    TIME      AREA      SLACK     COST    RULE COST         ENDPOINT         
  --------- --------- --------- --------- --------- -------------------------
    0:00:01    1832.7      0.00       0.0       0.0                          
    0:00:01    1832.7      0.00       0.0       0.0                          
    0:00:01    1832.7      0.00       0.0       0.0                          
    0:00:02    1832.7      0.00       0.0       0.0                          
    0:00:02    1832.7      0.00       0.0       0.0                          
    0:00:02    1747.0      0.00       0.0       0.0                          
    0:00:02    1747.0      0.00       0.0       0.0                          
    0:00:02    1747.0      0.00       0.0       0.0                          
    0:00:02    1747.0      0.00       0.0       0.0                          
    0:00:02    1747.0      0.00       0.0       0.0                          
    0:00:02    1747.0      0.00       0.0       0.0                          
    0:00:02    1747.0      0.00       0.0       0.0                          
    0:00:02    1747.0      0.00       0.0       0.0                          



  Beginning Delay Optimization Phase
  ----------------------------------

                                  TOTAL                                      
   ELAPSED            WORST NEG   SETUP    DESIGN                            
    TIME      AREA      SLACK     COST    RULE COST         ENDPOINT         
  --------- --------- --------- --------- --------- -------------------------
    0:00:02    1747.0      0.00       0.0       0.0                          
    0:00:02    1747.0      0.00       0.0       0.0                          
    0:00:02    1735.5      0.00       0.0       0.0                          


  Beginning Area-Recovery Phase  (cleanup)
  -----------------------------

                                  TOTAL                                      
   ELAPSED            WORST NEG   SETUP    DESIGN                            
    TIME      AREA      SLACK     COST    RULE COST         ENDPOINT         
  --------- --------- --------- --------- --------- -------------------------
    0:00:02    1735.5      0.00       0.0       0.0                          
    0:00:02    1735.5      0.00       0.0       0.0                          
    0:00:02    1729.8      0.00       0.0       0.0                          
    0:00:02    1729.8      0.00       0.0       0.0                          
    0:00:02    1729.8      0.00       0.0       0.0                          
    0:00:02    1729.8      0.00       0.0       0.0                          
    0:00:02    1729.8      0.00       0.0       0.0                          
    0:00:02    1729.8      0.00       0.0       0.0                          
    0:00:02    1729.8      0.00       0.0       0.0                          
    0:00:02    1729.8      0.00       0.0       0.0                          
    0:00:02    1729.8      0.00       0.0       0.0                          
    0:00:02    1729.8      0.00       0.0       0.0                          
    0:00:02    1729.8      0.00       0.0       0.0                          
Loading db file '/nfs/home/rrmina/Desktop/VCS/lib/saed90nm_typ.db'

  Optimization Complete
  ---------------------
1
report_constraint -all_violators > constraint_report.log
report_area > area_report.log
report_timing > timing_report.log
write_sdf -version 1.0 mapped/rngAddress.sdf
Information: Annotated 'cell' delays are assumed to include load delay. (UID-282)
Information: Writing timing information to file '/nfs/home/rrmina/Desktop/VCS/mapped/rngAddress.sdf'. (WT-3)
1
write -f verilog -hier -out mapped/mapped_rngAddress.v
Writing verilog file '/nfs/home/rrmina/Desktop/VCS/mapped/mapped_rngAddress.v'.
1
gui_start
Current design is 'rngAddress'.
Current design is 'rngAddress'.
Loading db file '/nfs/cad/synopsys/syn/I-2013.12/libraries/syn/generic.sdb'
dc_shell> exit

Thank you...

