set_app_var search_path "$search_path mapped lib cons rtl"
. /nfs/cad/synopsys/syn/I-2013.12/libraries/syn /nfs/cad/synopsys/syn/I-2013.12/minpower/syn /nfs/cad/synopsys/syn/I-2013.12/dw/syn_ver /nfs/cad/synopsys/syn/I-2013.12/dw/sim_ver mapped lib cons rtl mapped lib cons rtl
set_app_var target_library saed90nm_typ.db
saed90nm_typ.db
set_app_var link_library "* $target_library"
* saed90nm_typ.db
read_verilog "winnerPolicy.v"
Loading db file '/nfs/home/rrmina/Desktop/VCS/lib/saed90nm_typ.db'
Loading db file '/nfs/cad/synopsys/syn/I-2013.12/libraries/syn/gtech.db'
Loading db file '/nfs/cad/synopsys/syn/I-2013.12/libraries/syn/standard.sldb'
  Loading link library 'saed90nm_typ'
  Loading link library 'gtech'
Loading verilog file '/nfs/home/rrmina/Desktop/VCS/rtl/winnerPolicy.v'
Detecting input file type automatically (-rtl or -netlist).
Reading with Presto HDL Compiler (equivalent to -rtl option).
Running PRESTO HDLC
Compiling source file /nfs/home/rrmina/Desktop/VCS/rtl/winnerPolicy.v
$display output: epsilon: ?
$display output: nexthop, one, two, three: ?,?,?,?

Statistics for case statements in always block at line 48 in file
        '/nfs/home/rrmina/Desktop/VCS/rtl/winnerPolicy.v'
===============================================
|           Line           |  full/ parallel  |
===============================================
|            75            |    auto/auto     |
===============================================

Inferred memory devices in process
        in routine winnerPolicy line 48 in file
                '/nfs/home/rrmina/Desktop/VCS/rtl/winnerPolicy.v'.
=======================================================================================
|        Register Name        |   Type    | Width | Bus | MB | AR | AS | SR | SS | ST |
=======================================================================================
|          state_reg          | Flip-flop |   4   |  Y  | N  | N  | N  | N  | N  | N  |
|        wr_en_buf_reg        | Flip-flop |   1   |  N  | N  | N  | N  | N  | N  | N  |
|       en_rng_buf_reg        | Flip-flop |   1   |  N  | N  | N  | N  | N  | N  | N  |
|         _right3_reg         | Flip-flop |  32   |  Y  | N  | N  | N  | N  | N  | N  |
|          three_reg          | Flip-flop |   1   |  N  | N  | N  | N  | N  | N  | N  |
|       epsilon_buf_reg       | Flip-flop |  16   |  Y  | N  | N  | N  | N  | N  | N  |
|        which_buf_reg        | Flip-flop |  16   |  Y  | N  | N  | N  | N  | N  | N  |
|           two_reg           | Flip-flop |   1   |  N  | N  | N  | N  | N  | N  | N  |
|           one_reg           | Flip-flop |   1   |  N  | N  | N  | N  | N  | N  | N  |
|    explore_constant_reg     | Flip-flop |  16   |  Y  | N  | N  | N  | N  | N  | N  |
| betterNeighborCount_buf_reg | Flip-flop |  16   |  Y  | N  | N  | N  | N  | N  | N  |
|       nexthop_buf_reg       | Flip-flop |  16   |  Y  | N  | N  | N  | N  | N  | N  |
|  start_rngAddress_buf_reg   | Flip-flop |   1   |  N  | N  | N  | N  | N  | N  | N  |
|      address_count_reg      | Flip-flop |  11   |  Y  | N  | N  | N  | N  | N  | N  |
|  done_winnerPolicy_buf_reg  | Flip-flop |   1   |  N  | N  | N  | N  | N  | N  | N  |
|          _left_reg          | Flip-flop |  32   |  Y  | N  | N  | N  | N  | N  | N  |
|      data_out_buf_reg       | Flip-flop |  16   |  Y  | N  | N  | N  | N  | N  | N  |
|         _right_reg          | Flip-flop |  32   |  Y  | N  | N  | N  | N  | N  | N  |
=======================================================================================
Presto compilation completed successfully.
Current design is now '/nfs/home/rrmina/Desktop/VCS/rtl/winnerPolicy.db:winnerPolicy'
Loaded 1 design.
Current design is 'winnerPolicy'.
winnerPolicy
current_design winnerPolicy
Current design is 'winnerPolicy'.
{winnerPolicy}
link

  Linking design 'winnerPolicy'
  Using the following designs and libraries:
  --------------------------------------------------------------------------
  winnerPolicy                /nfs/home/rrmina/Desktop/VCS/rtl/winnerPolicy.db
  saed90nm_typ (library)      /nfs/home/rrmina/Desktop/VCS/lib/saed90nm_typ.db

1
check_design > check_design.log
source timing.con
1
compile
Information: Evaluating DesignWare library utilization. (UISN-27)

============================================================================
| DesignWare Building Block Library  |         Version         | Available |
============================================================================
| Basic DW Building Blocks           | I-2013.12-DWBB_201312.0 |     *     |
| Licensed DW Building Blocks        |                         |           |
============================================================================


Information: There are 29 potential problems in your design. Please run 'check_design' for more information. (LINT-99)



  Beginning Pass 1 Mapping
  ------------------------
  Processing 'winnerPolicy'
Information: The register '_left_reg[0]' is a constant and will be removed. (OPT-1206)
Information: The register '_left_reg[1]' is a constant and will be removed. (OPT-1206)
Information: The register '_left_reg[2]' is a constant and will be removed. (OPT-1206)
Information: The register '_left_reg[3]' is a constant and will be removed. (OPT-1206)
Information: The register '_left_reg[4]' is a constant and will be removed. (OPT-1206)
Information: The register '_left_reg[5]' is a constant and will be removed. (OPT-1206)
Information: The register '_left_reg[6]' is a constant and will be removed. (OPT-1206)
Information: The register '_left_reg[7]' is a constant and will be removed. (OPT-1206)
Information: The register '_left_reg[8]' is a constant and will be removed. (OPT-1206)
Information: The register '_left_reg[9]' is a constant and will be removed. (OPT-1206)
Information: The register '_left_reg[10]' is a constant and will be removed. (OPT-1206)
Information: The register '_left_reg[11]' is a constant and will be removed. (OPT-1206)
Information: The register '_left_reg[12]' is a constant and will be removed. (OPT-1206)
Information: The register '_left_reg[13]' is a constant and will be removed. (OPT-1206)
Information: The register '_left_reg[14]' is a constant and will be removed. (OPT-1206)
Information: The register '_left_reg[15]' is a constant and will be removed. (OPT-1206)

  Updating timing information
Information: Updating design information... (UID-85)

  Beginning Implementation Selection
  ----------------------------------
  Processing 'winnerPolicy_DW01_cmp6_0'
  Processing 'winnerPolicy_DW01_cmp2_0'
  Processing 'winnerPolicy_DW01_cmp2_1'
  Processing 'winnerPolicy_DW01_sub_0'
  Processing 'winnerPolicy_DW01_cmp2_2'
  Processing 'winnerPolicy_DW01_add_0'
  Processing 'winnerPolicy_DW01_cmp2_3'
  Processing 'winnerPolicy_DW01_add_1'
  Processing 'winnerPolicy_DW02_mult_0'
  Processing 'winnerPolicy_DW01_add_2'
  Processing 'winnerPolicy_DW02_mult_1'
  Processing 'winnerPolicy_DW01_add_3'

  Beginning Mapping Optimizations  (Medium effort)
  -------------------------------

                                  TOTAL                                      
   ELAPSED            WORST NEG   SETUP    DESIGN                            
    TIME      AREA      SLACK     COST    RULE COST         ENDPOINT         
  --------- --------- --------- --------- --------- -------------------------
    0:00:08   19709.0      0.00       0.0       0.0                          
    0:00:08   19709.0      0.00       0.0       0.0                          
    0:00:08   19709.0      0.00       0.0       0.0                          
    0:00:08   19709.0      0.00       0.0       0.0                          
    0:00:08   19709.0      0.00       0.0       0.0                          
    0:00:09   18733.9      0.00       0.0       0.0                          
    0:00:09   18723.7      0.00       0.0       0.0                          
    0:00:09   18723.7      0.00       0.0       0.0                          
    0:00:09   18723.7      0.00       0.0       0.0                          
    0:00:09   18723.7      0.00       0.0       0.0                          
    0:00:09   18723.7      0.00       0.0       0.0                          
    0:00:09   18723.7      0.00       0.0       0.0                          
    0:00:09   18723.7      0.00       0.0       0.0                          
    0:00:09   18723.7      0.00       0.0       0.0                          



  Beginning Delay Optimization Phase
  ----------------------------------

                                  TOTAL                                      
   ELAPSED            WORST NEG   SETUP    DESIGN                            
    TIME      AREA      SLACK     COST    RULE COST         ENDPOINT         
  --------- --------- --------- --------- --------- -------------------------
    0:00:09   18723.7      0.00       0.0       0.0                          
    0:00:09   18723.7      0.00       0.0       0.0                          
    0:00:10   18425.0      0.00       0.0       0.0                          


  Beginning Area-Recovery Phase  (cleanup)
  -----------------------------

                                  TOTAL                                      
   ELAPSED            WORST NEG   SETUP    DESIGN                            
    TIME      AREA      SLACK     COST    RULE COST         ENDPOINT         
  --------- --------- --------- --------- --------- -------------------------
    0:00:10   18425.0      0.00       0.0       0.0                          
    0:00:10   18425.0      0.00       0.0       0.0                          
    0:00:10   18309.5      0.00       0.0       0.0                          
    0:00:10   18265.8      0.00       0.0       0.0                          
    0:00:10   18251.8      0.00       0.0       0.0                          
    0:00:10   18237.8      0.00       0.0       0.0                          
    0:00:10   18223.9      0.00       0.0       0.0                          
    0:00:10   18223.9      0.00       0.0       0.0                          
    0:00:10   18223.9      0.00       0.0       0.0                          
    0:00:10   18223.9      0.00       0.0       0.0                          
    0:00:10   18223.9      0.00       0.0       0.0                          
    0:00:10   18223.9      0.00       0.0       0.0                          
    0:00:10   18223.9      0.00       0.0       0.0                          
    0:00:10   18223.9      0.00       0.0       0.0                          
    0:00:10   18223.9      0.00       0.0       0.0                          
Loading db file '/nfs/home/rrmina/Desktop/VCS/lib/saed90nm_typ.db'

  Optimization Complete
  ---------------------
1
report_constraint -all_violators > constraint_report.log
report_area > area_report.log
report_timing > timing_report.log
write_sdf -version 1.0 mapped/winnerPolicy.sdf
Information: Annotated 'cell' delays are assumed to include load delay. (UID-282)
Information: Writing timing information to file '/nfs/home/rrmina/Desktop/VCS/mapped/winnerPolicy.sdf'. (WT-3)
1
write -f verilog -hier -out mapped/mapped_winnerPolicy.v
Writing verilog file '/nfs/home/rrmina/Desktop/VCS/mapped/mapped_winnerPolicy.v'.
Warning: Verilog 'assign' or 'tran' statements are written out. (VO-4)
Warning: Verilog writer has added 16 nets to module winnerPolicy using SYNOPSYS_UNCONNECTED_ as prefix.  Please use the change_names command to make the correct changes before invoking the verilog writer.  (VO-11)
1
gui_start
Current design is 'winnerPolicy'.
Current design is 'winnerPolicy'.
Loading db file '/nfs/cad/synopsys/syn/I-2013.12/libraries/syn/generic.sdb'
dc_shell> exit

Thank you...

