# Preference setting overrides
gui_create_pref_key -category {Globals} -key {load_detail_for_funcov} -value_type {bool} -value {false}
gui_create_pref_category -category {schem_obj_name}
gui_create_pref_key -category {schem_obj_name} -key {show_cell_and_pin_with_symbol_name} -value_type {bool} -value {false}
gui_create_pref_key -category {schem_pin_hc} -key {textExtFont} -value_type {string} -value {Helvetica,10,-1,5,50,0,0,0,0,0}

# State setting overrides
gui_state_default_create -off -ini
gui_set_state_value -category Globals -key recent_databases -value {{gui_open_db -file /nfs/home/rrmina/Desktop/VCS_mikko/VCS/rtl/func.vpd -design V1} {gui_open_db -file /nfs/home/rrmina/Desktop/VCS_mikko/VCS/rtl/func.vpd -design V2} {gui_open_db -file /nfs/home/rrmina/Desktop/VCS_mikko/VCS/rtl/tb_top.vcd.vpd -design V1} {gui_open_db -file /nfs/home/rrmina/Desktop/VCS_mikko/VCS/rtl/func.vpd -design V3} {gui_open_db -file /nfs/home/rrmina/Desktop/VCS_gienel/sim/tb_top.vpd -design V1}}
gui_set_state_value -category Layout -key child_console_size_x -value 1626
gui_set_state_value -category Layout -key child_console_size_y -value 171
gui_set_state_value -category Layout -key child_data_coltype -value 108
gui_set_state_value -category Layout -key child_data_colvalue -value 168
gui_set_state_value -category Layout -key child_data_colvariable -value 208
gui_set_state_value -category Layout -key child_data_size_x -value 482
gui_set_state_value -category Layout -key child_data_size_y -value 674
gui_set_state_value -category Layout -key child_driver_size_x -value 1356
gui_set_state_value -category Layout -key child_driver_size_y -value 179
gui_set_state_value -category Layout -key child_hier_col3 -value {-1}
gui_set_state_value -category Layout -key child_hier_colpd -value 0
gui_set_state_value -category Layout -key child_hier_size_x -value 217
gui_set_state_value -category Layout -key child_hier_size_y -value 674
gui_set_state_value -category Layout -key child_list_down -value 197
gui_set_state_value -category Layout -key child_list_right -value 438
gui_set_state_value -category Layout -key child_schematic_docknewline -value false
gui_set_state_value -category Layout -key child_schematic_pos_x -value {-2}
gui_set_state_value -category Layout -key child_schematic_pos_y -value {-15}
gui_set_state_value -category Layout -key child_schematic_size_x -value 1354
gui_set_state_value -category Layout -key child_schematic_size_y -value 724
gui_set_state_value -category Layout -key child_source_docknewline -value false
gui_set_state_value -category Layout -key child_source_pos_x -value {-2}
gui_set_state_value -category Layout -key child_source_pos_y -value {-15}
gui_set_state_value -category Layout -key child_source_size_x -value 930
gui_set_state_value -category Layout -key child_source_size_y -value 669
gui_set_state_value -category Layout -key child_wave_colname -value 232
gui_set_state_value -category Layout -key child_wave_colvalue -value 233
gui_set_state_value -category Layout -key child_wave_left -value 469
gui_set_state_value -category Layout -key child_wave_right -value 1144
gui_set_state_value -category Layout -key main_pos_x -value 18
gui_set_state_value -category Layout -key main_pos_y -value 100
gui_set_state_value -category Layout -key main_size_x -value 1644
gui_set_state_value -category Layout -key main_size_y -value 1020
gui_set_state_value -category Layout -key stand_list_child_docknewline -value false
gui_set_state_value -category Layout -key stand_list_child_pos_x -value {-2}
gui_set_state_value -category Layout -key stand_list_child_pos_y -value {-15}
gui_set_state_value -category Layout -key stand_list_child_size_x -value 598
gui_set_state_value -category Layout -key stand_list_child_size_y -value 342
gui_set_state_value -category Layout -key stand_list_top_pos_x -value 534
gui_set_state_value -category Layout -key stand_list_top_pos_y -value 227
gui_set_state_value -category Layout -key stand_list_top_size_x -value 1127
gui_set_state_value -category Layout -key stand_list_top_size_y -value 720
gui_set_state_value -category Layout -key stand_source_child_docknewline -value false
gui_set_state_value -category Layout -key stand_source_child_pos_x -value {-2}
gui_set_state_value -category Layout -key stand_source_child_pos_y -value {-15}
gui_set_state_value -category Layout -key stand_source_child_size_x -value 1684
gui_set_state_value -category Layout -key stand_source_child_size_y -value 893
gui_set_state_value -category Layout -key stand_source_top_pos_x -value 552
gui_set_state_value -category Layout -key stand_source_top_pos_y -value 476
gui_set_state_value -category Layout -key stand_source_top_size_x -value 2231
gui_set_state_value -category Layout -key stand_source_top_size_y -value 1449
gui_set_state_value -category Layout -key stand_wave_child_docknewline -value false
gui_set_state_value -category Layout -key stand_wave_child_pos_x -value {-2}
gui_set_state_value -category Layout -key stand_wave_child_pos_y -value {-15}
gui_set_state_value -category Layout -key stand_wave_child_size_x -value 1623
gui_set_state_value -category Layout -key stand_wave_child_size_y -value 888
gui_set_state_value -category Layout -key stand_wave_top_pos_x -value 59
gui_set_state_value -category Layout -key stand_wave_top_pos_y -value 52
gui_set_state_value -category Layout -key stand_wave_top_size_x -value 1677
gui_set_state_value -category Layout -key stand_wave_top_size_y -value 1020
gui_create_state_key -category FindDialog -key m_pMatchCase -value_type bool -value false
gui_create_state_key -category FindDialog -key m_pMatchWord -value_type bool -value false
gui_create_state_key -category FindDialog -key m_pUseCombo -value_type string -value {}
gui_create_state_key -category FindDialog -key m_pWrapAround -value_type bool -value true
gui_create_state_key -category Widget_History -key Find|m_pFindFrame|m_pFindCombo -value_type string -value mybest_shifted
gui_create_state_key -category Widget_History -key TopLevel.1|qt_left_dock|DockWnd2|DLPane.1|pages|Data.1|hbox|textfilter -value_type string -value {knownSinks wr_en state neighbor}
gui_create_state_key -category Widget_History -key TopLevel.1|qt_top_dock|&Edit|FindCombo -value_type string -value mybest_shifted
gui_create_state_key -category Widget_History -key TopLevel.2|qt_top_dock|&Edit|FindCombo -value_type string -value mybest_shifted
gui_create_state_key -category Widget_History -key TopLevel.3|qt_top_dock|&Edit|FindCombo -value_type string -value mybest_shifted
gui_state_default_create -off

# Begin command logging
